<?xml version="1.0" encoding="utf-8" standalone="no"?>
<test-results xmlns:xsi="http://www.w3.org/2001/XMLSchema-instance" xsi:noNamespaceSchemaLocation="nunit_schema_2.5.xsd" name="Pester" total="9" errors="0" failures="0" not-run="0" inconclusive="0" ignored="0" skipped="0" invalid="0" date="2022-08-29" time="16:13:20">
  <environment clr-version="4.0.30319.42000" user-domain="APPVYR-WIN" cwd="C:\projects\Convert-LBFO2SET" platform="Microsoft Windows Server 2016 Datacenter|C:\Windows|\Device\Harddisk0\Partition4" machine-name="APPVYR-WIN" nunit-version="2.5.8.0" os-version="10.0.14393" user="appveyor" />
  <culture-info current-culture="en-US" current-uiculture="en-US" />
  <test-suite type="TestFixture" name="Pester" executed="True" result="Success" success="True" time="9.5169" asserts="0" description="Pester">
    <results>
      <test-suite type="TestFixture" name="C:\projects\Convert-LBFO2SET\tests\build\unit\unit.build.tests.ps1" executed="True" result="Success" success="True" time="9.5169" asserts="0" description="C:\projects\Convert-LBFO2SET\tests\build\unit\unit.build.tests.ps1">
        <results>
          <test-suite type="TestFixture" name="Convert-LBFO2SET-Manifest" executed="True" result="Success" success="True" time="6.6553" asserts="0" description="Convert-LBFO2SET-Manifest">
            <results>
              <test-suite type="TestFixture" name="Convert-LBFO2SET-Manifest.Manifest-Validation" executed="True" result="Success" success="True" time="1.7245" asserts="0" description="Convert-LBFO2SET-Manifest.Manifest-Validation">
                <results>
                  <test-case description="[Import-PowerShellDataFile] - Convert-LBFO2SET.psd1 is a valid PowerShell Data File" name="Convert-LBFO2SET-Manifest.Manifest-Validation.[Import-PowerShellDataFile] - Convert-LBFO2SET.psd1 is a valid PowerShell Data File" time="1.1906" asserts="0" success="True" result="Success" executed="True" />
                  <test-case description="[Test-ModuleManifest] - Convert-LBFO2SET.psd1 should not be empty" name="Convert-LBFO2SET-Manifest.Manifest-Validation.[Test-ModuleManifest] - Convert-LBFO2SET.psd1 should not be empty" time="0.0105" asserts="0" success="True" result="Success" executed="True" />
                  <test-case description="Should have the Convert-LBFO2SET function available" name="Convert-LBFO2SET-Manifest.Manifest-Validation.Should have the Convert-LBFO2SET function available" time="0.0129" asserts="0" success="True" result="Success" executed="True" />
                </results>
              </test-suite>
              <test-suite type="TestFixture" name="Convert-LBFO2SET-Manifest.Required Modules" executed="True" result="Success" success="True" time="2.0376" asserts="0" description="Convert-LBFO2SET-Manifest.Required Modules">
                <results>
                  <test-case description="Should contain the Pester Module" name="Convert-LBFO2SET-Manifest.Required Modules.Should contain the Pester Module" time="0.2943" asserts="0" success="True" result="Success" executed="True" />
                  <test-case description="The Pester module should be available in the PowerShell gallery" name="Convert-LBFO2SET-Manifest.Required Modules.The Pester module should be available in the PowerShell gallery" time="0.0106" asserts="0" success="True" result="Success" executed="True" />
                </results>
              </test-suite>
              <test-suite type="TestFixture" name="Convert-LBFO2SET-Manifest.ExportedContent" executed="True" result="Success" success="True" time="2.5988" asserts="0" description="Convert-LBFO2SET-Manifest.ExportedContent">
                <results>
                  <test-case description="Should default the LBFOTeam mandatory param" name="Convert-LBFO2SET-Manifest.ExportedContent.Should default the LBFOTeam mandatory param" time="0.1465" asserts="0" success="True" result="Success" executed="True" />
                  <test-case description="Should default the SETTeam param to $false" name="Convert-LBFO2SET-Manifest.ExportedContent.Should default the SETTeam param to $false" time="0.0068" asserts="0" success="True" result="Success" executed="True" />
                  <test-case description="Should default the AllowOutage param to $false" name="Convert-LBFO2SET-Manifest.ExportedContent.Should default the AllowOutage param to $false" time="0.3745" asserts="0" success="True" result="Success" executed="True" />
                  <test-case description="Should default the EnableBestPractices param to $false" name="Convert-LBFO2SET-Manifest.ExportedContent.Should default the EnableBestPractices param to $false" time="0.0221" asserts="0" success="True" result="Success" executed="True" />
                </results>
              </test-suite>
            </results>
          </test-suite>
        </results>
      </test-suite>
    </results>
  </test-suite>
</test-results>